\BOOKMARK [1][-]{section.1}{Introduction}{}% 1
\BOOKMARK [1][-]{section.2}{D\351finition du besoin}{}% 2
\BOOKMARK [2][-]{subsection.2.1}{Besoin}{section.2}% 3
\BOOKMARK [2][-]{subsection.2.2}{Pr\351cision du besoin}{section.2}% 4
\BOOKMARK [1][-]{section.3}{\311tude du besoin}{}% 5
\BOOKMARK [2][-]{subsection.3.1}{Analyse du besoin}{section.3}% 6
\BOOKMARK [3][-]{subsubsection.3.1.1}{Pour le circuit}{subsection.3.1}% 7
\BOOKMARK [3][-]{subsubsection.3.1.2}{Pour le robot}{subsection.3.1}% 8
\BOOKMARK [2][-]{subsection.3.2}{Diagrammes des cas d'utilisation}{section.3}% 9
\BOOKMARK [3][-]{subsubsection.3.2.1}{Pour le circuit}{subsection.3.2}% 10
\BOOKMARK [3][-]{subsubsection.3.2.2}{Pour le robot}{subsection.3.2}% 11
\BOOKMARK [1][-]{section.4}{\311laboration d'une solution}{}% 12
\BOOKMARK [2][-]{subsection.4.1}{Circuit}{section.4}% 13
\BOOKMARK [2][-]{subsection.4.2}{Robot}{section.4}% 14
\BOOKMARK [3][-]{subsubsection.4.2.1}{Suivi de trajectoire}{subsection.4.2}% 15
\BOOKMARK [3][-]{subsubsection.4.2.2}{D\351tection d'obstacles et de de signalisation}{subsection.4.2}% 16
\BOOKMARK [3][-]{subsubsection.4.2.3}{Impl\351mentation mat\351rielle}{subsection.4.2}% 17
\BOOKMARK [4][-]{paragraph.4.2.3.1}{Propulsion et direction}{subsubsection.4.2.3}% 18
\BOOKMARK [4][-]{paragraph.4.2.3.2}{Controleur}{subsubsection.4.2.3}% 19
\BOOKMARK [4][-]{paragraph.4.2.3.3}{Suivi de ligne}{subsubsection.4.2.3}% 20
\BOOKMARK [4][-]{paragraph.4.2.3.4}{Acquisition d'images}{subsubsection.4.2.3}% 21
\BOOKMARK [4][-]{paragraph.4.2.3.5}{\311valuation des distances}{subsubsection.4.2.3}% 22
\BOOKMARK [4][-]{paragraph.4.2.3.6}{Signalisation de ses intentions}{subsubsection.4.2.3}% 23
\BOOKMARK [4][-]{paragraph.4.2.3.7}{Interaction avec l'utilisateur}{subsubsection.4.2.3}% 24
\BOOKMARK [4][-]{paragraph.4.2.3.8}{Batterie}{subsubsection.4.2.3}% 25
\BOOKMARK [3][-]{subsubsection.4.2.4}{Impl\351mentation logicielle}{subsection.4.2}% 26
\BOOKMARK [4][-]{paragraph.4.2.4.1}{Suivi de ligne}{subsubsection.4.2.4}% 27
\BOOKMARK [4][-]{paragraph.4.2.4.2}{Reconnaissance d'image}{subsubsection.4.2.4}% 28
\BOOKMARK [1][-]{section.5}{Int\351gration}{}% 29
\BOOKMARK [2][-]{subsection.5.1}{Circuit}{section.5}% 30
\BOOKMARK [2][-]{subsection.5.2}{Robot}{section.5}% 31
\BOOKMARK [3][-]{subsubsection.5.2.1}{Int\351gration Mat\351rielle}{subsection.5.2}% 32
\BOOKMARK [4][-]{paragraph.5.2.1.1}{Ensembles propulsifs}{subsubsection.5.2.1}% 33
\BOOKMARK [4][-]{paragraph.5.2.1.2}{Carte R\351flecteurs Optiques}{subsubsection.5.2.1}% 34
\BOOKMARK [4][-]{paragraph.5.2.1.3}{Carte-M\350re}{subsubsection.5.2.1}% 35
\BOOKMARK [4][-]{paragraph.5.2.1.4}{Structure du robot}{subsubsection.5.2.1}% 36
\BOOKMARK [4][-]{paragraph.5.2.1.5}{Int\351gration globale, maquette num\351rique}{subsubsection.5.2.1}% 37
\BOOKMARK [3][-]{subsubsection.5.2.2}{Int\351gration Logicielle}{subsection.5.2}% 38
\BOOKMARK [1][-]{section.6}{Estimation du co\373t de mise en place et faisabilit\351}{}% 39
\BOOKMARK [1][-]{section.7}{Conclusion et aper\347u des \351volutions possibles}{}% 40
\BOOKMARK [1][-]{section*.26}{Annexes}{}% 41
\BOOKMARK [2][-]{subsection.7.1}{Carte R\351flecteurs Optiques}{section*.26}% 42
\BOOKMARK [3][-]{subsubsection.7.1.1}{Sch\351ma \351lectronique}{subsection.7.1}% 43
\BOOKMARK [3][-]{subsubsection.7.1.2}{Gerbers}{subsection.7.1}% 44
\BOOKMARK [1][-]{section*.29}{R\351f\351rences}{}% 45
\BOOKMARK [2][-]{section*.30}{Nomenclature}{section*.29}% 46
\BOOKMARK [2][-]{section*.31}{Bibliographie}{section*.29}% 47
\BOOKMARK [2][-]{section*.32}{Table des illustrations}{section*.29}% 48
\BOOKMARK [1][-]{section*.33}{R\351sum\351}{}% 49
