This is pdfTeX, Version 3.1415926-2.5-1.40.14 (TeX Live 2013/Debian) (format=pdflatex 2016.3.12)  21 MAR 2016 17:37
entering extended mode
 restricted \write18 enabled.
 %&-line parsing enabled.
**titlepage.tex
(./titlepage.tex
LaTeX2e <2011/06/27>
Babel <3.9h> and hyphenation patterns for 78 languages loaded.

! LaTeX Error: Environment titlepage undefined.

See the LaTeX manual or LaTeX Companion for explanation.
Type  H <return>  for immediate help.
 ...                                              
                                                  
l.1 \begin{titlepage}
                     
Your command was ignored.
Type  I <command> <return>  to replace it with another command,
or  <return>  to continue without it.


! LaTeX Error: Missing \begin{document}.

See the LaTeX manual or LaTeX Companion for explanation.
Type  H <return>  for immediate help.
 ...                                              
                                                  
l.5 \center
            % Center everything on the page
You're in trouble here.  Try typing  <return>  to proceed.
If that doesn't work, type  X <return>  to quit.


Overfull \hbox (20.0pt too wide) in paragraph at lines 5--5
[] 
 []

! Undefined control sequence.
<recently read> \LARGE 
                       
l.11 \textsc{\LARGE IPSA 2016}
                              \\[1.5cm] % Name of your university/college
The control sequence at the end of the top line
of your error message was never \def'ed. If you have
misspelled it (e.g., `\hobx'), type `I' and the correct
spelling (e.g., `I\hbox'). Otherwise just continue,
and I'll forget about whatever was undefined.


Overfull \hbox (25.72192pt too wide) in paragraph at lines 11--11
 \OT1/cmr/m/sc/10 IPSA 
 []


Overfull \hbox (22.1109pt too wide) in paragraph at lines 11--11
 \OT1/cmr/m/sc/10 2016 
 []

! Undefined control sequence.
<recently read> \Large 
                       
l.12 \textsc{\Large Projet Electif (technique)}
                                               \\[0.5cm] % Major heading suc...
The control sequence at the end of the top line
of your error message was never \def'ed. If you have
misspelled it (e.g., `\hobx'), type `I' and the correct
spelling (e.g., `I\hbox'). Otherwise just continue,
and I'll forget about whatever was undefined.


Overfull \hbox (35.30533pt too wide) in paragraph at lines 12--12
 []\OT1/cmr/m/sc/10 Projet 
 []


Overfull \hbox (27.81644pt too wide) in paragraph at lines 12--12
 \OT1/cmr/m/sc/10 Elec- 
 []


Overfull \hbox (14.28882pt too wide) in paragraph at lines 12--12
 \OT1/cmr/m/sc/10 tif 
 []


Overfull \hbox (31.672pt too wide) in paragraph at lines 12--12
 \OT1/cmr/m/sc/10 (tech- 
 []


Overfull \hbox (31.58316pt too wide) in paragraph at lines 12--12
 \OT1/cmr/m/sc/10 nique) 
 []

! Undefined control sequence.
<recently read> \large 
                       
l.13 ... dans un environnement urbain intelligent}
                                                  \\[0.5cm] % Minor heading ...
The control sequence at the end of the top line
of your error message was never \def'ed. If you have
misspelled it (e.g., `\hobx'), type `I' and the correct
spelling (e.g., `I\hbox'). Otherwise just continue,
and I'll forget about whatever was undefined.

Missing character: There is no Ã in font cmcsc10!
Missing character: There is no © in font cmcsc10!

Overfull \hbox (52.37193pt too wide) in paragraph at lines 13--13
 []\OT1/cmr/m/sc/10 Evolution 
 []


Overfull \hbox (11.82217pt too wide) in paragraph at lines 13--13
 \OT1/cmr/m/sc/10 de 
 []


Overfull \hbox (42.62202pt too wide) in paragraph at lines 13--13
 \OT1/cmr/m/sc/10 vhicules 
 []


Overfull \hbox (15.82214pt too wide) in paragraph at lines 13--13
 \OT1/cmr/m/sc/10 au- 
 []


Overfull \hbox (42.37758pt too wide) in paragraph at lines 13--13
 \OT1/cmr/m/sc/10 tonomes 
 []


Overfull \hbox (22.8666pt too wide) in paragraph at lines 13--13
 \OT1/cmr/m/sc/10 dans 
 []


Overfull \hbox (12.26663pt too wide) in paragraph at lines 13--13
 \OT1/cmr/m/sc/10 un 
 []


Overfull \hbox (15.4888pt too wide) in paragraph at lines 13--13
 \OT1/cmr/m/sc/10 en- 
 []


Overfull \hbox (12.93326pt too wide) in paragraph at lines 13--13
 \OT1/cmr/m/sc/10 vi- 
 []


Overfull \hbox (22.06656pt too wide) in paragraph at lines 13--13
 \OT1/cmr/m/sc/10 ron- 
 []


Overfull \hbox (36.79982pt too wide) in paragraph at lines 13--13
 \OT1/cmr/m/sc/10 nement 
 []


Overfull \hbox (15.93326pt too wide) in paragraph at lines 13--13
 \OT1/cmr/m/sc/10 ur- 
 []


Overfull \hbox (21.08882pt too wide) in paragraph at lines 13--13
 \OT1/cmr/m/sc/10 bain 
 []


Overfull \hbox (12.93326pt too wide) in paragraph at lines 13--13
 \OT1/cmr/m/sc/10 in- 
 []


Overfull \hbox (20.39986pt too wide) in paragraph at lines 13--13
 \OT1/cmr/m/sc/10 tel- 
 []


Overfull \hbox (11.93324pt too wide) in paragraph at lines 13--13
 \OT1/cmr/m/sc/10 li- 
 []


Overfull \hbox (24.0332pt too wide) in paragraph at lines 13--13
 \OT1/cmr/m/sc/10 gent 
 []

! Undefined control sequence.
l.20 { \huge
             \bfseries Rapport de projet}\\[0.4cm] % Title of your document
The control sequence at the end of the top line
of your error message was never \def'ed. If you have
misspelled it (e.g., `\hobx'), type `I' and the correct
spelling (e.g., `I\hbox'). Otherwise just continue,
and I'll forget about whatever was undefined.


Overfull \hbox (42.2706pt too wide) in paragraph at lines 20--20
 []\OT1/cmr/bx/n/10 Rapport 
 []


Overfull \hbox (11.65967pt too wide) in paragraph at lines 20--20
 \OT1/cmr/bx/n/10 de 
 []


Overfull \hbox (20.70824pt too wide) in paragraph at lines 20--20
 \OT1/cmr/bx/n/10 pro- 
 []


Overfull \hbox (13.25688pt too wide) in paragraph at lines 20--20
 \OT1/cmr/bx/n/10 jet 
 []

! Undefined control sequence.
l.27 {\large
             \today}\\[1.5cm] % Date, change the \today to a set date if you...
The control sequence at the end of the top line
of your error message was never \def'ed. If you have
misspelled it (e.g., `\hobx'), type `I' and the correct
spelling (e.g., `I\hbox'). Otherwise just continue,
and I'll forget about whatever was undefined.

! Undefined control sequence.
l.27 {\large \today
                   }\\[1.5cm] % Date, change the \today to a set date if you...
The control sequence at the end of the top line
of your error message was never \def'ed. If you have
misspelled it (e.g., `\hobx'), type `I' and the correct
spelling (e.g., `I\hbox'). Otherwise just continue,
and I'll forget about whatever was undefined.


! LaTeX Error: There's no line here to end.

See the LaTeX manual or LaTeX Companion for explanation.
Type  H <return>  for immediate help.
 ...                                              
                                                  
l.27 {\large \today}\\
                      [1.5cm] % Date, change the \today to a set date if you...

Your command was ignored.
Type  I <command> <return>  to replace it with another command,
or  <return>  to continue without it.

! Undefined control sequence.
l.33 \large
           \emph{Authors:}\\
The control sequence at the end of the top line
of your error message was never \def'ed. If you have
misspelled it (e.g., `\hobx'), type `I' and the correct
spelling (e.g., `I\hbox'). Otherwise just continue,
and I'll forget about whatever was undefined.


Overfull \hbox (38.0428pt too wide) in paragraph at lines 33--33
 []\OT1/cmr/m/it/10 Authors: 
 []

Missing character: There is no G in font nullfont!
Missing character: There is no u in font nullfont!
Missing character: There is no i in font nullfont!
Missing character: There is no l in font nullfont!
Missing character: There is no l in font nullfont!
Missing character: There is no a in font nullfont!
Missing character: There is no u in font nullfont!
Missing character: There is no m in font nullfont!
Missing character: There is no e in font nullfont!
! Undefined control sequence.
l.34 \textsc{Biton} Guillaume \small
                                    (guillaume.biton@ipsa.fr)\\
The control sequence at the end of the top line
of your error message was never \def'ed. If you have
misspelled it (e.g., `\hobx'), type `I' and the correct
spelling (e.g., `I\hbox'). Otherwise just continue,
and I'll forget about whatever was undefined.

Missing character: There is no ( in font nullfont!
Missing character: There is no g in font nullfont!
Missing character: There is no u in font nullfont!
Missing character: There is no i in font nullfont!
Missing character: There is no l in font nullfont!
Missing character: There is no l in font nullfont!
Missing character: There is no a in font nullfont!
Missing character: There is no u in font nullfont!
Missing character: There is no m in font nullfont!
Missing character: There is no e in font nullfont!
Missing character: There is no . in font nullfont!
Missing character: There is no b in font nullfont!
Missing character: There is no i in font nullfont!
Missing character: There is no t in font nullfont!
Missing character: There is no o in font nullfont!
Missing character: There is no n in font nullfont!
Missing character: There is no @ in font nullfont!
Missing character: There is no i in font nullfont!
Missing character: There is no p in font nullfont!
Missing character: There is no s in font nullfont!
Missing character: There is no a in font nullfont!
Missing character: There is no . in font nullfont!
Missing character: There is no f in font nullfont!
Missing character: There is no r in font nullfont!
Missing character: There is no ) in font nullfont!

Overfull \hbox (29.13037pt too wide) in paragraph at lines 34--34
 []\OT1/cmr/m/sc/10 Biton 
 []

Missing character: There is no M in font nullfont!
Missing character: There is no a in font nullfont!
Missing character: There is no r in font nullfont!
Missing character: There is no c in font nullfont!
Missing character: There is no - in font nullfont!
Missing character: There is no A in font nullfont!
Missing character: There is no n in font nullfont!
Missing character: There is no t in font nullfont!
Missing character: There is no o in font nullfont!
Missing character: There is no i in font nullfont!
Missing character: There is no n in font nullfont!
Missing character: There is no e in font nullfont!
! Undefined control sequence.
l.35 \textsc{Guichard} Marc-Antoine \small
                                          (marc-antoine.guichard@ipsa.fr)\\
The control sequence at the end of the top line
of your error message was never \def'ed. If you have
misspelled it (e.g., `\hobx'), type `I' and the correct
spelling (e.g., `I\hbox'). Otherwise just continue,
and I'll forget about whatever was undefined.

Missing character: There is no ( in font nullfont!
Missing character: There is no m in font nullfont!
Missing character: There is no a in font nullfont!
Missing character: There is no r in font nullfont!
Missing character: There is no c in font nullfont!
Missing character: There is no - in font nullfont!
Missing character: There is no a in font nullfont!
Missing character: There is no n in font nullfont!
Missing character: There is no t in font nullfont!
Missing character: There is no o in font nullfont!
Missing character: There is no i in font nullfont!
Missing character: There is no n in font nullfont!
Missing character: There is no e in font nullfont!
Missing character: There is no . in font nullfont!
Missing character: There is no g in font nullfont!
Missing character: There is no u in font nullfont!
Missing character: There is no i in font nullfont!
Missing character: There is no c in font nullfont!
Missing character: There is no h in font nullfont!
Missing character: There is no a in font nullfont!
Missing character: There is no r in font nullfont!
Missing character: There is no d in font nullfont!
Missing character: There is no @ in font nullfont!
Missing character: There is no i in font nullfont!
Missing character: There is no p in font nullfont!
Missing character: There is no s in font nullfont!
Missing character: There is no a in font nullfont!
Missing character: There is no . in font nullfont!
Missing character: There is no f in font nullfont!
Missing character: There is no r in font nullfont!
Missing character: There is no ) in font nullfont!

Overfull \hbox (48.11366pt too wide) in paragraph at lines 35--35
 []\OT1/cmr/m/sc/10 Guichard 
 []

Missing character: There is no C in font nullfont!
Missing character: There is no a in font nullfont!
Missing character: There is no m in font nullfont!
Missing character: There is no i in font nullfont!
Missing character: There is no l in font nullfont!
Missing character: There is no l in font nullfont!
Missing character: There is no e in font nullfont!
! Undefined control sequence.
l.36 \textsc{Lhermite} Camille \small
                                     (camille.lhermite@ipsa.fr)\\
The control sequence at the end of the top line
of your error message was never \def'ed. If you have
misspelled it (e.g., `\hobx'), type `I' and the correct
spelling (e.g., `I\hbox'). Otherwise just continue,
and I'll forget about whatever was undefined.

Missing character: There is no ( in font nullfont!
Missing character: There is no c in font nullfont!
Missing character: There is no a in font nullfont!
Missing character: There is no m in font nullfont!
Missing character: There is no i in font nullfont!
Missing character: There is no l in font nullfont!
Missing character: There is no l in font nullfont!
Missing character: There is no e in font nullfont!
Missing character: There is no . in font nullfont!
Missing character: There is no l in font nullfont!
Missing character: There is no h in font nullfont!
Missing character: There is no e in font nullfont!
Missing character: There is no r in font nullfont!
Missing character: There is no m in font nullfont!
Missing character: There is no i in font nullfont!
Missing character: There is no t in font nullfont!
Missing character: There is no e in font nullfont!
Missing character: There is no @ in font nullfont!
Missing character: There is no i in font nullfont!
Missing character: There is no p in font nullfont!
Missing character: There is no s in font nullfont!
Missing character: There is no a in font nullfont!
Missing character: There is no . in font nullfont!
Missing character: There is no f in font nullfont!
Missing character: There is no r in font nullfont!
Missing character: There is no ) in font nullfont!

Overfull \hbox (46.54417pt too wide) in paragraph at lines 36--36
 []\OT1/cmr/m/sc/10 Lhermite 
 []

Missing character: There is no M in font nullfont!
Missing character: There is no a in font nullfont!
Missing character: There is no x in font nullfont!
Missing character: There is no i in font nullfont!
Missing character: There is no m in font nullfont!
Missing character: There is no e in font nullfont!
! Undefined control sequence.
l.37 \textsc{Monnot} Maxime \small
                                  (marc-antoine.guichard@ipsa.fr)\\[1cm]
The control sequence at the end of the top line
of your error message was never \def'ed. If you have
misspelled it (e.g., `\hobx'), type `I' and the correct
spelling (e.g., `I\hbox'). Otherwise just continue,
and I'll forget about whatever was undefined.

Missing character: There is no ( in font nullfont!
Missing character: There is no m in font nullfont!
Missing character: There is no a in font nullfont!
Missing character: There is no r in font nullfont!
Missing character: There is no c in font nullfont!
Missing character: There is no - in font nullfont!
Missing character: There is no a in font nullfont!
Missing character: There is no n in font nullfont!
Missing character: There is no t in font nullfont!
Missing character: There is no o in font nullfont!
Missing character: There is no i in font nullfont!
Missing character: There is no n in font nullfont!
Missing character: There is no e in font nullfont!
Missing character: There is no . in font nullfont!
Missing character: There is no g in font nullfont!
Missing character: There is no u in font nullfont!
Missing character: There is no i in font nullfont!
Missing character: There is no c in font nullfont!
Missing character: There is no h in font nullfont!
Missing character: There is no a in font nullfont!
Missing character: There is no r in font nullfont!
Missing character: There is no d in font nullfont!
Missing character: There is no @ in font nullfont!
Missing character: There is no i in font nullfont!
Missing character: There is no p in font nullfont!
Missing character: There is no s in font nullfont!
Missing character: There is no a in font nullfont!
Missing character: There is no . in font nullfont!
Missing character: There is no f in font nullfont!
Missing character: There is no r in font nullfont!
Missing character: There is no ) in font nullfont!

Overfull \hbox (40.77754pt too wide) in paragraph at lines 37--37
 []\OT1/cmr/m/sc/10 Monnot 
 []

! Undefined control sequence.
l.43 \includegraphics
                     [scale=0.3]{Graphics/logo.png}\\[1cm] % Include a depar...
The control sequence at the end of the top line
of your error message was never \def'ed. If you have
misspelled it (e.g., `\hobx'), type `I' and the correct
spelling (e.g., `I\hbox'). Otherwise just continue,
and I'll forget about whatever was undefined.

Missing character: There is no [ in font nullfont!
Missing character: There is no s in font nullfont!
Missing character: There is no c in font nullfont!
Missing character: There is no a in font nullfont!
Missing character: There is no l in font nullfont!
Missing character: There is no e in font nullfont!
Missing character: There is no = in font nullfont!
Missing character: There is no 0 in font nullfont!
Missing character: There is no . in font nullfont!
Missing character: There is no 3 in font nullfont!
Missing character: There is no ] in font nullfont!
Missing character: There is no G in font nullfont!
Missing character: There is no r in font nullfont!
Missing character: There is no a in font nullfont!
Missing character: There is no p in font nullfont!
Missing character: There is no h in font nullfont!
Missing character: There is no i in font nullfont!
Missing character: There is no c in font nullfont!
Missing character: There is no s in font nullfont!
Missing character: There is no / in font nullfont!
Missing character: There is no l in font nullfont!
Missing character: There is no o in font nullfont!
Missing character: There is no g in font nullfont!
Missing character: There is no o in font nullfont!
Missing character: There is no . in font nullfont!
Missing character: There is no p in font nullfont!
Missing character: There is no n in font nullfont!
Missing character: There is no g in font nullfont!

! LaTeX Error: \begin{document} ended by \end{titlepage}.

See the LaTeX manual or LaTeX Companion for explanation.
Type  H <return>  for immediate help.
 ...                                              
                                                  
l.49 \end{titlepage}
                    
Your command was ignored.
Type  I <command> <return>  to replace it with another command,
or  <return>  to continue without it.

)
! Emergency stop.
<*> titlepage.tex
                 
*** (job aborted, no legal \end found)

 
Here is how much of TeX's memory you used:
 18 strings out of 493304
 250 string characters out of 6139871
 52880 words of memory out of 5000000
 3574 multiletter control sequences out of 15000+600000
 4595 words of font info for 17 fonts, out of 8000000 for 9000
 957 hyphenation exceptions out of 8191
 14i,1n,10p,168b,114s stack positions out of 5000i,500n,10000p,200000b,80000s
!  ==> Fatal error occurred, no output PDF file produced!
